<?xml version="1.0" encoding="UTF-8"?>
<con:soapui-project activeEnvironment="Default" name="test-slim" resourceRoot="" soapui-version="5.1.0-SNAPSHOT" abortOnError="false" runType="SEQUENTIAL" xmlns:con="http://eviware.com/soapui/config"><con:settings/><con:interface xsi:type="con:WsdlInterface" wsaVersion="NONE" name="Service4TestPortBinding" type="wsdl" bindingName="{http://ws.app4test.eviware.com/}Service4TestPortBinding" soapVersion="1_1" anonymous="optional" definition="http://soapui.app4test.sthlm.smartbear.local/Service4TestService/Service4Test?WSDL" id="28a8dfbe-7aca-4e3b-879d-090f01392f80" xmlns:xsi="http://www.w3.org/2001/XMLSchema-instance"><con:settings/><con:definitionCache type="TEXT" rootPart="http://soapui.app4test.sthlm.smartbear.local/Service4TestService/Service4Test?WSDL"><con:part><con:url>http://soapui.app4test.sthlm.smartbear.local/Service4TestService/Service4Test?WSDL</con:url><con:content><![CDATA[<!--Published by JAX-WS RI at http://jax-ws.dev.java.net. RI's version is Metro/2.1.1-b09 (branches/2.1-6834; 2011-07-16T17:14:48+0000) JAXWS-RI/2.2.5-promoted-b04 JAXWS/2.2.-->
<!--Generated by JAX-WS RI at http://jax-ws.dev.java.net. RI's version is Metro/2.1.1-b09 (branches/2.1-6834; 2011-07-16T17:14:48+0000) JAXWS-RI/2.2.5-promoted-b04 JAXWS/2.2.-->
<definitions targetNamespace="http://ws.app4test.eviware.com/" name="Service4TestService" xmlns:wsu="http://docs.oasis-open.org/wss/2004/01/oasis-200401-wss-wssecurity-utility-1.0.xsd" xmlns:wsp="http://www.w3.org/ns/ws-policy" xmlns:wsp1_2="http://schemas.xmlsoap.org/ws/2004/09/policy" xmlns:wsam="http://www.w3.org/2007/05/addressing/metadata" xmlns:soap="http://schemas.xmlsoap.org/wsdl/soap/" xmlns:tns="http://ws.app4test.eviware.com/" xmlns:xsd="http://www.w3.org/2001/XMLSchema" xmlns="http://schemas.xmlsoap.org/wsdl/">
  <types>
    <xsd:schema>
      <xsd:import namespace="http://ws.app4test.eviware.com/" schemaLocation="http://10.0.68.41:8080/Service4TestService/Service4Test?xsd=1"/>
    </xsd:schema>
  </types>
  <message name="login">
    <part name="parameters" element="tns:login"/>
  </message>
  <message name="loginResponse">
    <part name="parameters" element="tns:loginResponse"/>
  </message>
  <message name="InvalidCredentialsException">
    <part name="fault" element="tns:InvalidCredentialsException"/>
  </message>
  <message name="search">
    <part name="parameters" element="tns:search"/>
  </message>
  <message name="searchResponse">
    <part name="parameters" element="tns:searchResponse"/>
  </message>
  <message name="getItem">
    <part name="parameters" element="tns:getItem"/>
  </message>
  <message name="getItemResponse">
    <part name="parameters" element="tns:getItemResponse"/>
  </message>
  <message name="logout">
    <part name="parameters" element="tns:logout"/>
  </message>
  <message name="logoutResponse">
    <part name="parameters" element="tns:logoutResponse"/>
  </message>
  <message name="InvalidSessionIdException">
    <part name="fault" element="tns:InvalidSessionIdException"/>
  </message>
  <message name="addItem">
    <part name="parameters" element="tns:addItem"/>
  </message>
  <message name="addItemResponse">
    <part name="parameters" element="tns:addItemResponse"/>
  </message>
  <message name="deleteItem">
    <part name="parameters" element="tns:deleteItem"/>
  </message>
  <message name="deleteItemResponse">
    <part name="parameters" element="tns:deleteItemResponse"/>
  </message>
  <message name="InvalidItemIdException">
    <part name="fault" element="tns:InvalidItemIdException"/>
  </message>
  <message name="addItems">
    <part name="parameters" element="tns:addItems"/>
  </message>
  <message name="addItemsResponse">
    <part name="parameters" element="tns:addItemsResponse"/>
  </message>
  <message name="getItems">
    <part name="parameters" element="tns:getItems"/>
  </message>
  <message name="getItemsResponse">
    <part name="parameters" element="tns:getItemsResponse"/>
  </message>
  <portType name="Service4Test">
    <operation name="login">
      <input wsam:Action="http://ws.app4test.eviware.com/Service4Test/loginRequest" message="tns:login"/>
      <output wsam:Action="http://ws.app4test.eviware.com/Service4Test/loginResponse" message="tns:loginResponse"/>
      <fault message="tns:InvalidCredentialsException" name="InvalidCredentialsException" wsam:Action="http://ws.app4test.eviware.com/Service4Test/login/Fault/InvalidCredentialsException"/>
    </operation>
    <operation name="search">
      <input wsam:Action="http://ws.app4test.eviware.com/Service4Test/searchRequest" message="tns:search"/>
      <output wsam:Action="http://ws.app4test.eviware.com/Service4Test/searchResponse" message="tns:searchResponse"/>
    </operation>
    <operation name="getItem">
      <input wsam:Action="http://ws.app4test.eviware.com/Service4Test/getItemRequest" message="tns:getItem"/>
      <output wsam:Action="http://ws.app4test.eviware.com/Service4Test/getItemResponse" message="tns:getItemResponse"/>
    </operation>
    <operation name="logout">
      <input wsam:Action="http://ws.app4test.eviware.com/Service4Test/logoutRequest" message="tns:logout"/>
      <output wsam:Action="http://ws.app4test.eviware.com/Service4Test/logoutResponse" message="tns:logoutResponse"/>
      <fault message="tns:InvalidSessionIdException" name="InvalidSessionIdException" wsam:Action="http://ws.app4test.eviware.com/Service4Test/logout/Fault/InvalidSessionIdException"/>
    </operation>
    <operation name="addItem">
      <input wsam:Action="http://ws.app4test.eviware.com/Service4Test/addItemRequest" message="tns:addItem"/>
      <output wsam:Action="http://ws.app4test.eviware.com/Service4Test/addItemResponse" message="tns:addItemResponse"/>
      <fault message="tns:InvalidSessionIdException" name="InvalidSessionIdException" wsam:Action="http://ws.app4test.eviware.com/Service4Test/addItem/Fault/InvalidSessionIdException"/>
    </operation>
    <operation name="deleteItem">
      <input wsam:Action="http://ws.app4test.eviware.com/Service4Test/deleteItemRequest" message="tns:deleteItem"/>
      <output wsam:Action="http://ws.app4test.eviware.com/Service4Test/deleteItemResponse" message="tns:deleteItemResponse"/>
      <fault message="tns:InvalidSessionIdException" name="InvalidSessionIdException" wsam:Action="http://ws.app4test.eviware.com/Service4Test/deleteItem/Fault/InvalidSessionIdException"/>
      <fault message="tns:InvalidItemIdException" name="InvalidItemIdException" wsam:Action="http://ws.app4test.eviware.com/Service4Test/deleteItem/Fault/InvalidItemIdException"/>
    </operation>
    <operation name="addItems">
      <input wsam:Action="http://ws.app4test.eviware.com/Service4Test/addItemsRequest" message="tns:addItems"/>
      <output wsam:Action="http://ws.app4test.eviware.com/Service4Test/addItemsResponse" message="tns:addItemsResponse"/>
      <fault message="tns:InvalidSessionIdException" name="InvalidSessionIdException" wsam:Action="http://ws.app4test.eviware.com/Service4Test/addItems/Fault/InvalidSessionIdException"/>
    </operation>
    <operation name="getItems">
      <input wsam:Action="http://ws.app4test.eviware.com/Service4Test/getItemsRequest" message="tns:getItems"/>
      <output wsam:Action="http://ws.app4test.eviware.com/Service4Test/getItemsResponse" message="tns:getItemsResponse"/>
    </operation>
  </portType>
  <binding name="Service4TestPortBinding" type="tns:Service4Test">
    <soap:binding transport="http://schemas.xmlsoap.org/soap/http" style="document"/>
    <operation name="login">
      <soap:operation soapAction=""/>
      <input>
        <soap:body use="literal"/>
      </input>
      <output>
        <soap:body use="literal"/>
      </output>
      <fault name="InvalidCredentialsException">
        <soap:fault name="InvalidCredentialsException" use="literal"/>
      </fault>
    </operation>
    <operation name="search">
      <soap:operation soapAction=""/>
      <input>
        <soap:body use="literal"/>
      </input>
      <output>
        <soap:body use="literal"/>
      </output>
    </operation>
    <operation name="getItem">
      <soap:operation soapAction=""/>
      <input>
        <soap:body use="literal"/>
      </input>
      <output>
        <soap:body use="literal"/>
      </output>
    </operation>
    <operation name="logout">
      <soap:operation soapAction=""/>
      <input>
        <soap:body use="literal"/>
      </input>
      <output>
        <soap:body use="literal"/>
      </output>
      <fault name="InvalidSessionIdException">
        <soap:fault name="InvalidSessionIdException" use="literal"/>
      </fault>
    </operation>
    <operation name="addItem">
      <soap:operation soapAction=""/>
      <input>
        <soap:body use="literal"/>
      </input>
      <output>
        <soap:body use="literal"/>
      </output>
      <fault name="InvalidSessionIdException">
        <soap:fault name="InvalidSessionIdException" use="literal"/>
      </fault>
    </operation>
    <operation name="deleteItem">
      <soap:operation soapAction=""/>
      <input>
        <soap:body use="literal"/>
      </input>
      <output>
        <soap:body use="literal"/>
      </output>
      <fault name="InvalidSessionIdException">
        <soap:fault name="InvalidSessionIdException" use="literal"/>
      </fault>
      <fault name="InvalidItemIdException">
        <soap:fault name="InvalidItemIdException" use="literal"/>
      </fault>
    </operation>
    <operation name="addItems">
      <soap:operation soapAction=""/>
      <input>
        <soap:body use="literal"/>
      </input>
      <output>
        <soap:body use="literal"/>
      </output>
      <fault name="InvalidSessionIdException">
        <soap:fault name="InvalidSessionIdException" use="literal"/>
      </fault>
    </operation>
    <operation name="getItems">
      <soap:operation soapAction=""/>
      <input>
        <soap:body use="literal"/>
      </input>
      <output>
        <soap:body use="literal"/>
      </output>
    </operation>
  </binding>
  <service name="Service4TestService">
    <port name="Service4TestPort" binding="tns:Service4TestPortBinding">
      <soap:address location="http://10.0.68.41:8080/Service4TestService/Service4Test"/>
    </port>
  </service>
</definitions>]]></con:content><con:type>http://schemas.xmlsoap.org/wsdl/</con:type></con:part><con:part><con:url>http://10.0.68.41:8080/Service4TestService/Service4Test?xsd=1</con:url><con:content><![CDATA[<!--Published by JAX-WS RI at http://jax-ws.dev.java.net. RI's version is Metro/2.1.1-b09 (branches/2.1-6834; 2011-07-16T17:14:48+0000) JAXWS-RI/2.2.5-promoted-b04 JAXWS/2.2.-->
<xs:schema version="1.0" targetNamespace="http://ws.app4test.eviware.com/" xmlns:tns="http://ws.app4test.eviware.com/" xmlns:xs="http://www.w3.org/2001/XMLSchema">
  <xs:element name="InvalidCredentialsException" type="tns:InvalidCredentialsException"/>
  <xs:element name="InvalidItemIdException" type="tns:InvalidItemIdException"/>
  <xs:element name="InvalidSessionIdException" type="tns:InvalidSessionIdException"/>
  <xs:element name="addItem" type="tns:addItem"/>
  <xs:element name="addItemResponse" type="tns:addItemResponse"/>
  <xs:element name="addItems" type="tns:addItems"/>
  <xs:element name="addItemsResponse" type="tns:addItemsResponse"/>
  <xs:element name="deleteItem" type="tns:deleteItem"/>
  <xs:element name="deleteItemResponse" type="tns:deleteItemResponse"/>
  <xs:element name="getItem" type="tns:getItem"/>
  <xs:element name="getItemResponse" type="tns:getItemResponse"/>
  <xs:element name="getItems" type="tns:getItems"/>
  <xs:element name="getItemsResponse" type="tns:getItemsResponse"/>
  <xs:element name="image" type="tns:tbItemImage"/>
  <xs:element name="login" type="tns:login"/>
  <xs:element name="loginResponse" type="tns:loginResponse"/>
  <xs:element name="logout" type="tns:logout"/>
  <xs:element name="logoutResponse" type="tns:logoutResponse"/>
  <xs:element name="search" type="tns:search"/>
  <xs:element name="searchResponse" type="tns:searchResponse"/>
  <xs:element name="tbItem" type="tns:addTbItemConverter"/>
  <xs:complexType name="logout">
    <xs:sequence>
      <xs:element name="sessionId" type="xs:string" minOccurs="0"/>
    </xs:sequence>
  </xs:complexType>
  <xs:complexType name="logoutResponse">
    <xs:sequence>
      <xs:element name="return" type="xs:boolean"/>
    </xs:sequence>
  </xs:complexType>
  <xs:complexType name="InvalidSessionIdException">
    <xs:sequence>
      <xs:element name="message" type="xs:string" minOccurs="0"/>
    </xs:sequence>
  </xs:complexType>
  <xs:complexType name="deleteItem">
    <xs:sequence>
      <xs:element name="sessionId" type="xs:string" minOccurs="0"/>
      <xs:element name="itemId" type="xs:int"/>
    </xs:sequence>
  </xs:complexType>
  <xs:complexType name="deleteItemResponse">
    <xs:sequence>
      <xs:element name="return" type="xs:boolean"/>
    </xs:sequence>
  </xs:complexType>
  <xs:complexType name="InvalidItemIdException">
    <xs:sequence>
      <xs:element name="message" type="xs:string" minOccurs="0"/>
    </xs:sequence>
  </xs:complexType>
  <xs:complexType name="getItem">
    <xs:sequence>
      <xs:element name="id" type="xs:int"/>
    </xs:sequence>
  </xs:complexType>
  <xs:complexType name="getItemResponse">
    <xs:sequence>
      <xs:element name="return" type="tns:tbItem" minOccurs="0"/>
    </xs:sequence>
  </xs:complexType>
  <xs:complexType name="tbItem">
    <xs:sequence>
      <xs:element name="cost" type="xs:float"/>
      <xs:element name="description" type="xs:string" minOccurs="0"/>
      <xs:element name="itemId" type="xs:int" minOccurs="0"/>
      <xs:element name="name" type="xs:string" minOccurs="0"/>
    </xs:sequence>
  </xs:complexType>
  <xs:complexType name="getItems">
    <xs:sequence/>
  </xs:complexType>
  <xs:complexType name="getItemsResponse">
    <xs:sequence>
      <xs:element name="return" type="tns:tbItem" minOccurs="0" maxOccurs="unbounded"/>
    </xs:sequence>
  </xs:complexType>
  <xs:complexType name="search">
    <xs:sequence>
      <xs:element name="searchString" type="xs:string" minOccurs="0"/>
    </xs:sequence>
  </xs:complexType>
  <xs:complexType name="searchResponse">
    <xs:sequence>
      <xs:element name="return" type="tns:tbItem" minOccurs="0" maxOccurs="unbounded"/>
    </xs:sequence>
  </xs:complexType>
  <xs:complexType name="login">
    <xs:sequence>
      <xs:element name="username" type="xs:string" minOccurs="0"/>
      <xs:element name="password" type="xs:string" minOccurs="0"/>
    </xs:sequence>
  </xs:complexType>
  <xs:complexType name="loginResponse">
    <xs:sequence>
      <xs:element name="return" type="xs:string" minOccurs="0"/>
    </xs:sequence>
  </xs:complexType>
  <xs:complexType name="InvalidCredentialsException">
    <xs:sequence>
      <xs:element name="message" type="xs:string" minOccurs="0"/>
    </xs:sequence>
  </xs:complexType>
  <xs:complexType name="addItem">
    <xs:sequence>
      <xs:element name="sessionId" type="xs:string" minOccurs="0"/>
      <xs:element name="name" type="xs:string" minOccurs="0"/>
      <xs:element name="description" type="xs:string" minOccurs="0"/>
      <xs:element name="cost" type="xs:float"/>
    </xs:sequence>
  </xs:complexType>
  <xs:complexType name="addItemResponse">
    <xs:sequence>
      <xs:element name="return" type="xs:boolean"/>
    </xs:sequence>
  </xs:complexType>
  <xs:complexType name="addItems">
    <xs:sequence>
      <xs:element name="sessionId" type="xs:string" minOccurs="0"/>
      <xs:element name="item" type="tns:addTbItemConverter" nillable="true" minOccurs="0" maxOccurs="unbounded"/>
    </xs:sequence>
  </xs:complexType>
  <xs:complexType name="addTbItemConverter">
    <xs:sequence>
      <xs:element name="name" type="xs:string" minOccurs="0"/>
      <xs:element name="description" type="xs:string" minOccurs="0"/>
      <xs:element ref="tns:image" minOccurs="0" maxOccurs="unbounded"/>
    </xs:sequence>
    <xs:attribute name="cost" type="xs:float" use="required"/>
  </xs:complexType>
  <xs:complexType name="tbItemImage">
    <xs:sequence/>
    <xs:attribute name="url" type="xs:string"/>
    <xs:attribute name="type" type="xs:string"/>
  </xs:complexType>
  <xs:complexType name="addItemsResponse">
    <xs:sequence>
      <xs:element name="return" type="xs:int"/>
    </xs:sequence>
  </xs:complexType>
</xs:schema>]]></con:content><con:type>http://www.w3.org/2001/XMLSchema</con:type></con:part></con:definitionCache><con:endpoints><con:endpoint>http://localhost:8088/mockService4TestPortBinding</con:endpoint><con:endpoint>http://myowntest.com:8080/mytest</con:endpoint></con:endpoints><con:operation isOneWay="false" action="" name="addItem" bindingOperationName="addItem" type="Request-Response" inputName="" receivesAttachments="false" sendsAttachments="false" anonymous="optional" id="8d6a7580-5b98-4e81-b337-76ddce4566ea"><con:settings/><con:call name="Request 1" outgoingWss="" incomingWss="" id="67b0eb5e-fa61-435a-9686-45b2695f0a0c"><con:settings><con:setting id="com.eviware.soapui.impl.wsdl.WsdlRequest@request-headers">&lt;xml-fragment/></con:setting></con:settings><con:encoding>UTF-8</con:encoding><con:endpoint>http://localhost:8088/mockService4TestPortBinding</con:endpoint><con:request><![CDATA[<soapenv:Envelope xmlns:soapenv="http://schemas.xmlsoap.org/soap/envelope/" xmlns:ws="http://ws.app4test.eviware.com/">
   <soapenv:Header/>
   <soapenv:Body>
      <ws:addItem>
         <!--Optional:-->
         <sessionId>?</sessionId>
         <!--Optional:-->
         <name>phone001</name>
         <!--Optional:-->
         <description>mock</description>
         <cost>1000</cost>
      </ws:addItem>
   </soapenv:Body>
</soapenv:Envelope>]]></con:request><con:credentials><con:username xsi:nil="true"/><con:password xsi:nil="true"/><con:domain xsi:nil="true"/><con:authType>Global HTTP Settings</con:authType></con:credentials><con:jmsConfig JMSDeliveryMode="PERSISTENT"/><con:jmsPropertyConfig/><con:wsaConfig mustUnderstand="NONE" version="200508" action="http://ws.app4test.eviware.com/Service4Test/addItemRequest"/><con:wsrmConfig version="1.2"/></con:call></con:operation><con:operation isOneWay="false" action="" name="addItems" bindingOperationName="addItems" type="Request-Response" inputName="" receivesAttachments="false" sendsAttachments="false" anonymous="optional" id="f0373e1d-70ab-494e-a2ea-fa95e5c8781f"><con:settings/><con:call name="Request 1" outgoingWss="" incomingWss="" id="ba6777fc-f1c5-445e-8613-2156c6106666"><con:settings/><con:encoding>UTF-8</con:encoding><con:endpoint>http://localhost:8088/mockService4TestPortBinding</con:endpoint><con:request><![CDATA[<soapenv:Envelope xmlns:soapenv="http://schemas.xmlsoap.org/soap/envelope/" xmlns:ws="http://ws.app4test.eviware.com/">
   <soapenv:Header/>
   <soapenv:Body>
      <ws:addItems>
         <!--Optional:-->
         <sessionId>?</sessionId>
         <!--Zero or more repetitions:-->
         <item cost="?">
            <!--Optional:-->
            <name>?</name>
            <!--Optional:-->
            <description>?</description>
            <!--Zero or more repetitions:-->
            <ws:image url="?" type="?"/>
         </item>
      </ws:addItems>
   </soapenv:Body>
</soapenv:Envelope>]]></con:request><con:credentials><con:username xsi:nil="true"/><con:password xsi:nil="true"/><con:domain xsi:nil="true"/></con:credentials><con:wsaConfig mustUnderstand="NONE" version="200508" action="http://ws.app4test.eviware.com/Service4Test/addItemsRequest"/></con:call></con:operation><con:operation isOneWay="false" action="" name="deleteItem" bindingOperationName="deleteItem" type="Request-Response" inputName="" receivesAttachments="false" sendsAttachments="false" anonymous="optional" id="bcf0a995-db49-45e2-b621-07cde1f58b04"><con:settings/><con:call name="Request 1" outgoingWss="" incomingWss="" id="35ae60d7-1fb0-4048-a180-289cb383b516"><con:settings/><con:encoding>UTF-8</con:encoding><con:endpoint>http://localhost:8088/mockService4TestPortBinding</con:endpoint><con:request><![CDATA[<soapenv:Envelope xmlns:soapenv="http://schemas.xmlsoap.org/soap/envelope/" xmlns:ws="http://ws.app4test.eviware.com/">
   <soapenv:Header/>
   <soapenv:Body>
      <ws:deleteItem>
         <!--Optional:-->
         <sessionId>?</sessionId>
         <itemId>?</itemId>
      </ws:deleteItem>
   </soapenv:Body>
</soapenv:Envelope>]]></con:request><con:credentials><con:username xsi:nil="true"/><con:password xsi:nil="true"/><con:domain xsi:nil="true"/></con:credentials><con:wsaConfig mustUnderstand="NONE" version="200508" action="http://ws.app4test.eviware.com/Service4Test/deleteItemRequest"/></con:call></con:operation><con:operation isOneWay="false" action="" name="getItem" bindingOperationName="getItem" type="Request-Response" inputName="" receivesAttachments="false" sendsAttachments="false" anonymous="optional" id="e6ca1c37-c6e8-4d29-ad90-ce9bbd223825"><con:settings/><con:call name="Request 1" outgoingWss="" incomingWss="" id="92c82104-144d-4c63-ab48-b549fd1d4c09"><con:settings><con:setting id="com.eviware.soapui.impl.wsdl.WsdlRequest@request-headers">&lt;xml-fragment/></con:setting></con:settings><con:encoding>UTF-8</con:encoding><con:endpoint>http://localhost:8088/mockService4TestPortBinding</con:endpoint><con:request><![CDATA[<soapenv:Envelope xmlns:soapenv="http://schemas.xmlsoap.org/soap/envelope/" xmlns:ws="http://ws.app4test.eviware.com/">
   <soapenv:Header/>
   <soapenv:Body>
      <ws:getItem>
         <id>?</id>
      </ws:getItem>
   </soapenv:Body>
</soapenv:Envelope>]]></con:request><con:credentials><con:username xsi:nil="true"/><con:password xsi:nil="true"/><con:domain xsi:nil="true"/><con:authType>Global HTTP Settings</con:authType></con:credentials><con:jmsConfig JMSDeliveryMode="PERSISTENT"/><con:jmsPropertyConfig/><con:wsaConfig mustUnderstand="NONE" version="200508" action="http://ws.app4test.eviware.com/Service4Test/getItemRequest"/><con:wsrmConfig version="1.2"/></con:call></con:operation><con:operation isOneWay="false" action="" name="getItems" bindingOperationName="getItems" type="Request-Response" inputName="" receivesAttachments="false" sendsAttachments="false" anonymous="optional" id="1483ab75-5908-488d-b033-ec93d5b6eaf0"><con:settings/><con:call name="Request 1" outgoingWss="" incomingWss="" id="33701a34-ad44-4a65-b9c2-210fb863a8c7"><con:settings/><con:encoding>UTF-8</con:encoding><con:endpoint>http://localhost:8088/mockService4TestPortBinding</con:endpoint><con:request><![CDATA[<soapenv:Envelope xmlns:soapenv="http://schemas.xmlsoap.org/soap/envelope/" xmlns:ws="http://ws.app4test.eviware.com/">
   <soapenv:Header/>
   <soapenv:Body>
      <ws:getItems/>
   </soapenv:Body>
</soapenv:Envelope>]]></con:request><con:credentials><con:username xsi:nil="true"/><con:password xsi:nil="true"/><con:domain xsi:nil="true"/></con:credentials><con:wsaConfig mustUnderstand="NONE" version="200508" action="http://ws.app4test.eviware.com/Service4Test/getItemsRequest"/></con:call></con:operation><con:operation isOneWay="false" action="" name="login" bindingOperationName="login" type="Request-Response" inputName="" receivesAttachments="false" sendsAttachments="false" anonymous="optional" id="bd82d4f4-802c-4d51-85c1-5c24c1d08e0b"><con:settings/><con:call name="Request 1" outgoingWss="" incomingWss="" id="a6f78757-7e86-4572-af2a-547731cf6a15"><con:settings><con:setting id="com.eviware.soapui.impl.wsdl.WsdlRequest@request-headers">&lt;xml-fragment/></con:setting></con:settings><con:encoding>UTF-8</con:encoding><con:endpoint>http://localhost:8088/mockService4TestPortBinding</con:endpoint><con:request><![CDATA[<soapenv:Envelope xmlns:soapenv="http://schemas.xmlsoap.org/soap/envelope/" xmlns:ws="http://ws.app4test.eviware.com/">
   <soapenv:Header/>
   <soapenv:Body>
      <ws:login>
         <!--Optional:-->
         <username>admin</username>
         <!--Optional:-->
         <password>passwd123</password>
      </ws:login>
   </soapenv:Body>
</soapenv:Envelope>]]></con:request><con:credentials><con:username xsi:nil="true"/><con:password xsi:nil="true"/><con:domain xsi:nil="true"/><con:authType>Global HTTP Settings</con:authType></con:credentials><con:jmsConfig JMSDeliveryMode="PERSISTENT"/><con:jmsPropertyConfig/><con:wsaConfig mustUnderstand="NONE" version="200508" action="http://ws.app4test.eviware.com/Service4Test/loginRequest"/><con:wsrmConfig version="1.2"/></con:call><con:call name="failed login" outgoingWss="" incomingWss="" id="5a39d8de-350a-4751-a68a-fc838c2f167a"><con:settings/><con:encoding>UTF-8</con:encoding><con:endpoint>http://localhost:8088/mockService4TestPortBinding</con:endpoint><con:request><![CDATA[<soapenv:Envelope xmlns:soapenv="http://schemas.xmlsoap.org/soap/envelope/" xmlns:ws="http://ws.app4test.eviware.com/">
   <soapenv:Header/>
   <soapenv:Body>
      <ws:login>
         <!--Optional:-->
         <username>?</username>
         <!--Optional:-->
         <password>?</password>
      </ws:login>
   </soapenv:Body>
</soapenv:Envelope>]]></con:request><con:credentials><con:username xsi:nil="true"/><con:password xsi:nil="true"/><con:domain xsi:nil="true"/><con:authType>Global HTTP Settings</con:authType></con:credentials><con:jmsConfig JMSDeliveryMode="PERSISTENT"/><con:jmsPropertyConfig/><con:wsaConfig mustUnderstand="NONE" version="200508" action="http://ws.app4test.eviware.com/Service4Test/loginRequest"/><con:wsrmConfig version="1.2"/></con:call></con:operation><con:operation isOneWay="false" action="" name="logout" bindingOperationName="logout" type="Request-Response" inputName="" receivesAttachments="false" sendsAttachments="false" anonymous="optional" id="aae29315-06f4-4d1f-8baf-f060028be5d5"><con:settings/><con:call name="Request 1" outgoingWss="" incomingWss="" id="9d09bac6-d80c-4322-8966-f2f02955eae7"><con:settings/><con:encoding>UTF-8</con:encoding><con:endpoint>http://localhost:8088/mockService4TestPortBinding</con:endpoint><con:request><![CDATA[<soapenv:Envelope xmlns:soapenv="http://schemas.xmlsoap.org/soap/envelope/" xmlns:ws="http://ws.app4test.eviware.com/">
   <soapenv:Header/>
   <soapenv:Body>
      <ws:logout>
         <!--Optional:-->
         <sessionId>?</sessionId>
      </ws:logout>
   </soapenv:Body>
</soapenv:Envelope>]]></con:request><con:credentials><con:username xsi:nil="true"/><con:password xsi:nil="true"/><con:domain xsi:nil="true"/><con:authType>Global HTTP Settings</con:authType></con:credentials><con:jmsConfig JMSDeliveryMode="PERSISTENT"/><con:jmsPropertyConfig/><con:wsaConfig mustUnderstand="NONE" version="200508" action="http://ws.app4test.eviware.com/Service4Test/logoutRequest"/><con:wsrmConfig version="1.2"/></con:call></con:operation><con:operation isOneWay="false" action="" name="search" bindingOperationName="search" type="Request-Response" inputName="" receivesAttachments="false" sendsAttachments="false" anonymous="optional" id="4d6cff34-31c7-4b32-9487-7ecc51cfe087"><con:settings/><con:call name="Request 1" outgoingWss="" incomingWss="" id="adb3d8f4-7922-405f-896b-91250f818021"><con:settings/><con:encoding>UTF-8</con:encoding><con:endpoint>http://localhost:8088/mockService4TestPortBinding</con:endpoint><con:request><![CDATA[<soapenv:Envelope xmlns:soapenv="http://schemas.xmlsoap.org/soap/envelope/" xmlns:ws="http://ws.app4test.eviware.com/">
   <soapenv:Header/>
   <soapenv:Body>
      <ws:search>
         <!--Optional:-->
         <searchString>?</searchString>
      </ws:search>
   </soapenv:Body>
</soapenv:Envelope>]]></con:request><con:credentials><con:username xsi:nil="true"/><con:password xsi:nil="true"/><con:domain xsi:nil="true"/></con:credentials><con:wsaConfig mustUnderstand="NONE" version="200508" action="http://ws.app4test.eviware.com/Service4Test/searchRequest"/></con:call></con:operation></con:interface><con:testSuite name="slim-TestSuite" id="4de94787-dbf2-4d74-9136-c20d8d3eaba3"><con:settings/><con:runType>SEQUENTIAL</con:runType><con:testCase failOnError="true" failTestCaseOnErrors="true" keepSession="false" maxResults="0" name="slim-TestCase" searchProperties="true" id="2a4ddd17-6bb0-41c2-b5e0-60e3866deafc"><con:settings/><con:testStep type="request" name="login" id="77dcb6dc-9100-4130-abb0-277f630b0c40"><con:settings/><con:config xsi:type="con:RequestStep" xmlns:xsi="http://www.w3.org/2001/XMLSchema-instance"><con:interface>Service4TestPortBinding</con:interface><con:operation>login</con:operation><con:request name="login" outgoingWss="" incomingWss="" timeout="" sslKeystore="" useWsAddressing="false" useWsReliableMessaging="false" id="c4d2e39f-34bd-4b35-956d-e927b5c85f04" externalFilenameBuildMode="AUTO" externalFilename="test-slim/slim-TestSuite/slim-TestCase/login-request.xml"><con:settings><con:setting id="com.eviware.soapui.impl.wsdl.WsdlRequest@request-headers">&lt;xml-fragment/></con:setting></con:settings><con:encoding>UTF-8</con:encoding><con:endpoint>http://localhost:8088/mockService4TestPortBinding</con:endpoint><con:request/><con:assertion type="XPath Match" name="XPath Match"><con:configuration><path>declare namespace ns2='http://ws.app4test.eviware.com/';
exists( //ns2:loginResponse/return)</path><content>true</content><allowWildcards>false</allowWildcards><ignoreNamspaceDifferences>false</ignoreNamspaceDifferences><ignoreComments>false</ignoreComments></con:configuration></con:assertion><con:credentials><con:username xsi:nil="true"/><con:password xsi:nil="true"/><con:domain xsi:nil="true"/><con:selectedAuthProfile>Basic</con:selectedAuthProfile><con:addedBasicAuthenticationTypes>Basic</con:addedBasicAuthenticationTypes><con:authType>Global HTTP Settings</con:authType></con:credentials><con:jmsConfig JMSDeliveryMode="PERSISTENT"/><con:jmsPropertyConfig/><con:wsaConfig mustUnderstand="NONE" version="200508" action="http://ws.app4test.eviware.com/Service4Test/loginRequest"/><con:wsrmConfig version="1.2"/></con:request></con:config></con:testStep><con:testStep type="properties" name="oneNewItem" id="5b3b4d2f-8b3f-4ad8-9881-b3ba53e9440d"><con:settings/><con:config xsi:type="con:PropertiesStep" saveFirst="true" xmlns:xsi="http://www.w3.org/2001/XMLSchema-instance"><con:properties><con:property><con:name>cost</con:name><con:value>1000</con:value></con:property><con:property><con:name>description</con:name><con:value>0</con:value></con:property><con:property><con:name>name</con:name><con:value>groovy mock test</con:value></con:property></con:properties></con:config></con:testStep><con:testStep type="groovy" name="Groovy Script" id="67527521-b3d1-4329-bd50-046b16c2f4e3"><con:settings/><con:config><script externalFilenameBuildMode="AUTO" externalFilename="test-slim/slim-TestSuite/slim-TestCase/Groovy Script.groovy"/></con:config></con:testStep><con:testStep type="request" name="addItem from groovy" id="7aedb2ed-9d62-4912-baee-99fef88fbc90"><con:settings/><con:config xsi:type="con:RequestStep" xmlns:xsi="http://www.w3.org/2001/XMLSchema-instance"><con:interface>Service4TestPortBinding</con:interface><con:operation>addItem</con:operation><con:request name="addItem from groovy" outgoingWss="" incomingWss="" timeout="" sslKeystore="" useWsAddressing="false" useWsReliableMessaging="false" id="b511ab2e-7fbf-466d-91fb-1d2e8974302a" externalFilenameBuildMode="AUTO" externalFilename="test-slim/maven-plugin-testSuite/maven-plugin-TestCase/addItem from groovy-request.xml"><con:settings><con:setting id="com.eviware.soapui.impl.wsdl.WsdlRequest@request-headers">&lt;xml-fragment/></con:setting></con:settings><con:encoding>UTF-8</con:encoding><con:endpoint>http://localhost:8088/mockService4TestPortBinding</con:endpoint><con:request/><con:assertion type="XPath Match" name="XPath Match"><con:configuration><path>declare namespace ns2='http://ws.app4test.eviware.com/';
//ns2:addItemResponse[1]/return[1]</path><content>proper item added</content><allowWildcards>false</allowWildcards><ignoreNamspaceDifferences>false</ignoreNamspaceDifferences><ignoreComments>false</ignoreComments></con:configuration></con:assertion><con:credentials><con:username xsi:nil="true"/><con:password xsi:nil="true"/><con:domain xsi:nil="true"/><con:selectedAuthProfile>Basic</con:selectedAuthProfile><con:addedBasicAuthenticationTypes>Basic</con:addedBasicAuthenticationTypes><con:authType>Global HTTP Settings</con:authType></con:credentials><con:jmsConfig JMSDeliveryMode="PERSISTENT"/><con:jmsPropertyConfig/><con:wsaConfig mustUnderstand="NONE" version="200508" action="http://ws.app4test.eviware.com/Service4Test/addItemRequest"/><con:wsrmConfig version="1.2"/></con:request></con:config></con:testStep><con:setupScript externalFilenameBuildMode="AUTO" externalFilename="test-slim/slim-TestSuite/slim-TestCase-setupScript.groovy"/><con:tearDownScript externalFilenameBuildMode="AUTO" externalFilename="test-slim/slim-TestSuite/slim-TestCase-tearDownScript.groovy"/><con:properties/></con:testCase><con:properties/><con:setupScript externalFilenameBuildMode="AUTO" externalFilename="test-slim/slim-TestSuite-setupScript.groovy"/><con:tearDownScript externalFilenameBuildMode="AUTO" externalFilename="test-slim/slim-TestSuite-tearDownScript.groovy"/></con:testSuite><con:mockService port="8088" path="/mockService4TestPortBinding" host="LPT-HELI" name="Service4TestPortBinding MockService" id="15943064-92a5-4709-b2fd-4e757815f650"><con:settings><con:setting id="com.eviware.soapui.impl.wsdl.mock.WsdlMockService@require-soap-action">false</con:setting></con:settings><con:mockOperation name="addItem" interface="Service4TestPortBinding" operation="addItem" id="435b22b6-ec54-4ce8-9b68-3a4e6ae78d51"><con:settings/><con:dispatchStyle>QUERY_MATCH</con:dispatchStyle><con:defaultResponse>Invalid</con:defaultResponse><con:response name="ItemAddedbyID" encoding="UTF-8" id="3db28aa5-5c2c-41ec-9c6e-89827ff34c41" httpResponseStatus="200"><con:settings/><con:responseContent><![CDATA[<soapenv:Envelope xmlns:soapenv="http://schemas.xmlsoap.org/soap/envelope/" xmlns:ws="http://ws.app4test.eviware.com/">
   <soapenv:Header/>
   <soapenv:Body>
      <ws:addItemResponse>
         <return>true</return>
      </ws:addItemResponse>
   </soapenv:Body>
</soapenv:Envelope>]]></con:responseContent><con:wsaConfig mustUnderstand="NONE" version="200508" action="http://ws.app4test.eviware.com/Service4Test/addItemResponse"/></con:response><con:response name="Invalid" encoding="UTF-8" id="5c5e32ec-9ced-4b46-8822-168833127770" httpResponseStatus="200"><con:settings/><con:responseContent>Not success</con:responseContent><con:wsaConfig mustUnderstand="NONE" version="200508" action="http://ws.app4test.eviware.com/Service4Test/addItemResponse"/></con:response><con:response name="TheSpecificItemAdded" encoding="UTF-8" id="c8807b30-a469-4099-bcf0-cdd36f85e80a" httpResponseStatus="200"><con:settings/><con:responseContent><![CDATA[<soapenv:Envelope xmlns:soapenv="http://schemas.xmlsoap.org/soap/envelope/" xmlns:ws="http://ws.app4test.eviware.com/">
   <soapenv:Header/>
   <soapenv:Body>
      <ws:addItemResponse>
         <return>proper item added</return>
      </ws:addItemResponse>
   </soapenv:Body>
</soapenv:Envelope>]]></con:responseContent><con:wsaConfig mustUnderstand="NONE" version="200508" action="http://ws.app4test.eviware.com/Service4Test/addItemResponse"/></con:response><con:dispatchConfig xsi:type="con:MockOperationQueryMatchDispatch" xmlns:xsi="http://www.w3.org/2001/XMLSchema-instance"><con:query><con:name>sessionID</con:name><con:query>declare namespace ns2='http://ws.app4test.eviware.com/';
//ns2:addItem[1]/sessionId[1]</con:query><con:match>${#Project#ID}</con:match><con:response>ItemAddedbyID</con:response></con:query><con:query><con:name>propertyExpansionCheck</con:name><con:query>declare namespace ns2='http://ws.app4test.eviware.com/';
//ns2:addItem[1]/name[1]</con:query><con:match>groovy mock test</con:match><con:response>TheSpecificItemAdded</con:response></con:query></con:dispatchConfig></con:mockOperation><con:mockOperation name="login" interface="Service4TestPortBinding" operation="login" id="9fe84aa5-dd9d-4b7f-99e2-95e7e7176472"><con:settings/><con:dispatchStyle>QUERY_MATCH</con:dispatchStyle><con:defaultResponse>login failed</con:defaultResponse><con:response name="login success" encoding="UTF-8" id="32224f09-0500-43a7-929e-7eb14168b6db" httpResponseStatus="200"><con:settings/><con:script>context.setProperty("key",Math.random())</con:script><con:responseContent><![CDATA[<soapenv:Envelope xmlns:soapenv="http://schemas.xmlsoap.org/soap/envelope/" xmlns:ws="http://ws.app4test.eviware.com/">
   <soapenv:Header/>
   <soapenv:Body>
      <ws:loginResponse>
         <!--Optional:-->
         <return>${key}</return>
      </ws:loginResponse>
   </soapenv:Body>
</soapenv:Envelope>]]></con:responseContent><con:wsaConfig mustUnderstand="NONE" version="200508" action="http://ws.app4test.eviware.com/Service4Test/loginResponse"/></con:response><con:response name="login failed" encoding="UTF-8" id="6daca4da-c504-498b-89c6-ce04b1c150e0" httpResponseStatus="200"><con:settings/><con:responseContent>invalid username or password</con:responseContent><con:wsaConfig mustUnderstand="NONE" version="200508" action="http://ws.app4test.eviware.com/Service4Test/loginResponse"/></con:response><con:dispatchConfig xsi:type="con:MockOperationQueryMatchDispatch" xmlns:xsi="http://www.w3.org/2001/XMLSchema-instance"><con:query><con:name>success</con:name><con:query>declare namespace ns2='http://ws.app4test.eviware.com/';
//ns2:login[1]/password[1]</con:query><con:match>truepwd</con:match><con:response>login success</con:response></con:query></con:dispatchConfig></con:mockOperation><con:properties/></con:mockService><con:properties><con:property><con:name>ID</con:name><con:value>0.3364078662981249</con:value></con:property></con:properties><con:afterLoadScript externalFilenameBuildMode="AUTO" externalFilename="test-slim-afterLoadScript.groovy"/><con:beforeSaveScript externalFilenameBuildMode="AUTO" externalFilename="test-slim-beforeSaveScript.groovy"/><con:wssContainer/><con:oAuth2ProfileContainer/><con:beforeRunScript externalFilenameBuildMode="AUTO" externalFilename="test-slim-beforeRunScript.groovy"/><con:afterRunScript externalFilenameBuildMode="AUTO" externalFilename="test-slim-afterRunScript.groovy"/><con:sensitiveInformation/></con:soapui-project>
